<?xml version="1.0" encoding="UTF-8"?>
<testng-results ignored="0" total="1" passed="1" failed="0" skipped="0">
  <reporter-output>
  </reporter-output>
  <suite started-at="2023-08-17T11:18:07Z" name="Suite" finished-at="2023-08-17T11:18:13Z" duration-ms="5721">
    <groups>
    </groups>
    <test started-at="2023-08-17T11:18:07Z" name="Test" finished-at="2023-08-17T11:18:13Z" duration-ms="5721">
      <class name="com.devopstest.testclass">
        <test-method signature="add()[pri:0, instance:com.devopstest.testclass@3aa078fd]" started-at="2023-08-17T11:18:07Z" name="add" finished-at="2023-08-17T11:18:13Z" duration-ms="5701" status="PASS">
          <reporter-output>
          </reporter-output>
        </test-method> <!-- add -->
      </class> <!-- com.devopstest.testclass -->
    </test> <!-- Test -->
  </suite> <!-- Suite -->
</testng-results>
